<?xml version="1.0" encoding="UTF-8"?>
<testsuite xmlns:xsi="http://www.w3.org/2001/XMLSchema-instance" xsi:noNamespaceSchemaLocation="https://maven.apache.org/surefire/maven-surefire-plugin/xsd/surefire-test-report-3.0.xsd" version="3.0" name="TestSuite" time="54.401" tests="1" errors="0" skipped="0" failures="1">
  <properties>
[...]
</properties>
  <testcase name="feature" classname="com.freecrm.qe.runner.MyTestNGRunner" time="41.84">
    <failure message="java.lang.AssertionError: Home page was not loaded properly expected [CRMM] but found [CRM]" type="cucumber.runtime.CucumberException">cucumber.runtime.CucumberException: java.lang.AssertionError: Home page was not loaded properly expected [CRMM] but found [CRM]
	at com.freecrm.qe.runner.MyTestNGRunner.feature(MyTestNGRunner.java:31)
Caused by: java.lang.AssertionError: Home page was not loaded properly expected [CRMM] but found [CRM]
</failure>
    <system-out><![CDATA[Feature: Home Page Test

  @Regression
  Scenario: Verify Home Page Title                                     # HomePageFeature.feature:4
    Given user is already on login page                                # StepDefinition.user_is_already_on_login_page()
    When user enters username and password                             # StepDefinition.user_enters_username_and_password()
    And user clicks on login button                                    # StepDefinition.user_clicks_on_login_button()
    Then user redirects to "home" page and page title should be "CRMM" # StepDefinition.user_redirects_to_home_page(String,String)
      java.lang.AssertionError: Home page was not loaded properly expected [CRMM] but found [CRM]
      	at org.testng.Assert.fail(Assert.java:96)
      	at org.testng.Assert.failNotEquals(Assert.java:776)
      	at org.testng.Assert.assertEqualsImpl(Assert.java:137)
      	at org.testng.Assert.assertEquals(Assert.java:118)
      	at org.testng.Assert.assertEquals(Assert.java:453)
      	at com.freecrm.qe.stepdefinition.StepDefinition.user_redirects_to_home_page(StepDefinition.java:50)
      	at ?.Then user redirects to "home" page and page title should be "CRMM"(HomePageFeature.feature:9)


  @Sanity
  Scenario: Verify Contact link on Home Page                          # HomePageFeature.feature:12
    Given user is already on login page                               # StepDefinition.user_is_already_on_login_page()
    When user enters username and password                            # StepDefinition.user_enters_username_and_password()
    And user clicks on login button                                   # StepDefinition.user_clicks_on_login_button()
    Then user redirects to "home" page and page title should be "CRM" # StepDefinition.user_redirects_to_home_page(String,String)
    Then "contact" link should be displayed                           # StepDefinition.link_should_be_displayed(String)
]]></system-out>
    <system-err><![CDATA[Starting ChromeDriver 76.0.3809.25 (a0c95f440512e06df1c9c206f2d79cc20be18bb1-refs/branch-heads/3809@{#271}) on port 28154
Only local connections are allowed.
Please protect ports used by ChromeDriver and related test frameworks to prevent access by malicious code.
[1562262890.232][WARNING]: This version of ChromeDriver has not been tested with Chrome version 77.
Jul 04, 2019 11:24:51 PM org.openqa.selenium.remote.ProtocolHandshake createSession
INFO: Detected dialect: W3C
Starting ChromeDriver 76.0.3809.25 (a0c95f440512e06df1c9c206f2d79cc20be18bb1-refs/branch-heads/3809@{#271}) on port 4696
Only local connections are allowed.
Please protect ports used by ChromeDriver and related test frameworks to prevent access by malicious code.
[1562262908.557][WARNING]: This version of ChromeDriver has not been tested with Chrome version 77.
Jul 04, 2019 11:25:09 PM org.openqa.selenium.remote.ProtocolHandshake createSession
INFO: Detected dialect: W3C
]]></system-err>
  </testcase>
</testsuite>