<?xml version="1.0" encoding="UTF-8"?>
<!-- Generated by org.testng.reporters.JUnitXMLReporter -->
<testsuite hostname="Manish" ignored="0" name="Free CRM Test" tests="1" failures="1" timestamp="04 Jul 2019 17:55:35 GMT" time="43.445" errors="0">
  <testcase name="feature" time="41.826" classname="com.freecrm.qe.runner.MyTestNGRunner">
    <failure type="cucumber.runtime.CucumberException" message="java.lang.AssertionError: Home page was not loaded properly expected [CRMM] but found [CRM]">
      <![CDATA[cucumber.runtime.CucumberException: java.lang.AssertionError: Home page was not loaded properly expected [CRMM] but found [CRM]
at cucumber.api.testng.TestNGCucumberRunner.runCucumber(TestNGCucumberRunner.java:69)
at com.freecrm.qe.runner.MyTestNGRunner.feature(MyTestNGRunner.java:31)
at java.util.concurrent.FutureTask.run(FutureTask.java:266)
at java.util.concurrent.ThreadPoolExecutor.runWorker(ThreadPoolExecutor.java:1142)
at java.util.concurrent.ThreadPoolExecutor$Worker.run(ThreadPoolExecutor.java:617)
at java.lang.Thread.run(Thread.java:745)
Caused by: java.lang.AssertionError: Home page was not loaded properly expected [CRMM] but found [CRM]
at com.freecrm.qe.stepdefinition.StepDefinition.user_redirects_to_home_page(StepDefinition.java:50)
at ✽.Then user redirects to "home" page and page title should be "CRMM"(HomePageFeature.feature:9)
... Removed 21 stack frames]]>
    </failure>
  </testcase> <!-- feature -->
</testsuite> <!-- Free CRM Test -->
